C:\USERS\ADMINISTRATOR\DOCUMENTS\GITHUB\SDIZO_PROJEKT_1\PROJEKT_1\DEBUG\DRZEWO_BINARNE.OBJ
C:\USERS\ADMINISTRATOR\DOCUMENTS\GITHUB\SDIZO_PROJEKT_1\PROJEKT_1\DEBUG\KOPIEC.OBJ
C:\USERS\ADMINISTRATOR\DOCUMENTS\GITHUB\SDIZO_PROJEKT_1\PROJEKT_1\DEBUG\LISTA.OBJ
C:\USERS\ADMINISTRATOR\DOCUMENTS\GITHUB\SDIZO_PROJEKT_1\PROJEKT_1\DEBUG\TABLICA.OBJ
C:\USERS\ADMINISTRATOR\DOCUMENTS\GITHUB\SDIZO_PROJEKT_1\PROJEKT_1\DEBUG\TESTY.OBJ
C:\USERS\ADMINISTRATOR\DOCUMENTS\GITHUB\SDIZO_PROJEKT_1\PROJEKT_1\DEBUG\VC110.PDB
C:\USERS\ADMINISTRATOR\DOCUMENTS\GITHUB\SDIZO_PROJEKT_1\PROJEKT_1\DEBUG\DRZEWO_CC.OBJ
C:\USERS\ADMINISTRATOR\DOCUMENTS\GITHUB\SDIZO_PROJEKT_1\PROJEKT_1\DEBUG\CZAS.OBJ
C:\USERS\ADMINISTRATOR\DOCUMENTS\GITHUB\SDIZO_PROJEKT_1\DEBUG\PROJEKT_1.ILK
C:\USERS\ADMINISTRATOR\DOCUMENTS\GITHUB\SDIZO_PROJEKT_1\DEBUG\PROJEKT_1.EXE
C:\USERS\ADMINISTRATOR\DOCUMENTS\GITHUB\SDIZO_PROJEKT_1\DEBUG\PROJEKT_1.PDB
C:\Users\Administrator\Documents\GitHub\SDiZO_Projekt_1\Projekt_1\Debug\czas.obj
C:\Users\Administrator\Documents\GitHub\SDiZO_Projekt_1\Projekt_1\Debug\drzewo_binarne.obj
C:\Users\Administrator\Documents\GitHub\SDiZO_Projekt_1\Projekt_1\Debug\drzewo_cc.obj
C:\Users\Administrator\Documents\GitHub\SDiZO_Projekt_1\Projekt_1\Debug\kopiec.obj
C:\Users\Administrator\Documents\GitHub\SDiZO_Projekt_1\Projekt_1\Debug\lista.obj
C:\Users\Administrator\Documents\GitHub\SDiZO_Projekt_1\Projekt_1\Debug\tablica.obj
C:\Users\Administrator\Documents\GitHub\SDiZO_Projekt_1\Projekt_1\Debug\testy.obj
C:\Users\Administrator\Documents\GitHub\SDiZO_Projekt_1\Projekt_1\Debug\cl.command.1.tlog
C:\Users\Administrator\Documents\GitHub\SDiZO_Projekt_1\Projekt_1\Debug\CL.read.1.tlog
C:\Users\Administrator\Documents\GitHub\SDiZO_Projekt_1\Projekt_1\Debug\CL.write.1.tlog
C:\Users\Administrator\Documents\GitHub\SDiZO_Projekt_1\Projekt_1\Debug\link-cvtres.read.1.tlog
C:\Users\Administrator\Documents\GitHub\SDiZO_Projekt_1\Projekt_1\Debug\link-cvtres.write.1.tlog
C:\Users\Administrator\Documents\GitHub\SDiZO_Projekt_1\Projekt_1\Debug\link-rc.read.1.tlog
C:\Users\Administrator\Documents\GitHub\SDiZO_Projekt_1\Projekt_1\Debug\link-rc.write.1.tlog
C:\Users\Administrator\Documents\GitHub\SDiZO_Projekt_1\Projekt_1\Debug\link.1432-cvtres.read.1.tlog
C:\Users\Administrator\Documents\GitHub\SDiZO_Projekt_1\Projekt_1\Debug\link.1432-cvtres.write.1.tlog
C:\Users\Administrator\Documents\GitHub\SDiZO_Projekt_1\Projekt_1\Debug\link.1432-rc.read.1.tlog
C:\Users\Administrator\Documents\GitHub\SDiZO_Projekt_1\Projekt_1\Debug\link.1432-rc.write.1.tlog
C:\Users\Administrator\Documents\GitHub\SDiZO_Projekt_1\Projekt_1\Debug\link.1432.read.1.tlog
C:\Users\Administrator\Documents\GitHub\SDiZO_Projekt_1\Projekt_1\Debug\link.1432.write.1.tlog
C:\Users\Administrator\Documents\GitHub\SDiZO_Projekt_1\Projekt_1\Debug\link.1908-cvtres.read.1.tlog
C:\Users\Administrator\Documents\GitHub\SDiZO_Projekt_1\Projekt_1\Debug\link.1908-cvtres.write.1.tlog
C:\Users\Administrator\Documents\GitHub\SDiZO_Projekt_1\Projekt_1\Debug\link.1908-rc.read.1.tlog
C:\Users\Administrator\Documents\GitHub\SDiZO_Projekt_1\Projekt_1\Debug\link.1908-rc.write.1.tlog
C:\Users\Administrator\Documents\GitHub\SDiZO_Projekt_1\Projekt_1\Debug\link.1908.read.1.tlog
C:\Users\Administrator\Documents\GitHub\SDiZO_Projekt_1\Projekt_1\Debug\link.1908.write.1.tlog
C:\Users\Administrator\Documents\GitHub\SDiZO_Projekt_1\Projekt_1\Debug\link.2144-cvtres.read.1.tlog
C:\Users\Administrator\Documents\GitHub\SDiZO_Projekt_1\Projekt_1\Debug\link.2144-cvtres.write.1.tlog
C:\Users\Administrator\Documents\GitHub\SDiZO_Projekt_1\Projekt_1\Debug\link.2144-rc.read.1.tlog
C:\Users\Administrator\Documents\GitHub\SDiZO_Projekt_1\Projekt_1\Debug\link.2144-rc.write.1.tlog
C:\Users\Administrator\Documents\GitHub\SDiZO_Projekt_1\Projekt_1\Debug\link.2144.read.1.tlog
C:\Users\Administrator\Documents\GitHub\SDiZO_Projekt_1\Projekt_1\Debug\link.2144.write.1.tlog
C:\Users\Administrator\Documents\GitHub\SDiZO_Projekt_1\Projekt_1\Debug\link.2632-cvtres.read.1.tlog
C:\Users\Administrator\Documents\GitHub\SDiZO_Projekt_1\Projekt_1\Debug\link.2632-cvtres.write.1.tlog
C:\Users\Administrator\Documents\GitHub\SDiZO_Projekt_1\Projekt_1\Debug\link.2632-rc.read.1.tlog
C:\Users\Administrator\Documents\GitHub\SDiZO_Projekt_1\Projekt_1\Debug\link.2632-rc.write.1.tlog
C:\Users\Administrator\Documents\GitHub\SDiZO_Projekt_1\Projekt_1\Debug\link.2632.read.1.tlog
C:\Users\Administrator\Documents\GitHub\SDiZO_Projekt_1\Projekt_1\Debug\link.2632.write.1.tlog
C:\Users\Administrator\Documents\GitHub\SDiZO_Projekt_1\Projekt_1\Debug\link.2884-cvtres.read.1.tlog
C:\Users\Administrator\Documents\GitHub\SDiZO_Projekt_1\Projekt_1\Debug\link.2884-cvtres.write.1.tlog
C:\Users\Administrator\Documents\GitHub\SDiZO_Projekt_1\Projekt_1\Debug\link.2884-rc.read.1.tlog
C:\Users\Administrator\Documents\GitHub\SDiZO_Projekt_1\Projekt_1\Debug\link.2884-rc.write.1.tlog
C:\Users\Administrator\Documents\GitHub\SDiZO_Projekt_1\Projekt_1\Debug\link.2884.read.1.tlog
C:\Users\Administrator\Documents\GitHub\SDiZO_Projekt_1\Projekt_1\Debug\link.2884.write.1.tlog
C:\Users\Administrator\Documents\GitHub\SDiZO_Projekt_1\Projekt_1\Debug\link.2908-cvtres.read.1.tlog
C:\Users\Administrator\Documents\GitHub\SDiZO_Projekt_1\Projekt_1\Debug\link.2908-cvtres.write.1.tlog
C:\Users\Administrator\Documents\GitHub\SDiZO_Projekt_1\Projekt_1\Debug\link.2908-rc.read.1.tlog
C:\Users\Administrator\Documents\GitHub\SDiZO_Projekt_1\Projekt_1\Debug\link.2908-rc.write.1.tlog
C:\Users\Administrator\Documents\GitHub\SDiZO_Projekt_1\Projekt_1\Debug\link.2908.read.1.tlog
C:\Users\Administrator\Documents\GitHub\SDiZO_Projekt_1\Projekt_1\Debug\link.2908.write.1.tlog
C:\Users\Administrator\Documents\GitHub\SDiZO_Projekt_1\Projekt_1\Debug\link.3200-cvtres.read.1.tlog
C:\Users\Administrator\Documents\GitHub\SDiZO_Projekt_1\Projekt_1\Debug\link.3200-cvtres.write.1.tlog
C:\Users\Administrator\Documents\GitHub\SDiZO_Projekt_1\Projekt_1\Debug\link.3200-rc.read.1.tlog
C:\Users\Administrator\Documents\GitHub\SDiZO_Projekt_1\Projekt_1\Debug\link.3200-rc.write.1.tlog
C:\Users\Administrator\Documents\GitHub\SDiZO_Projekt_1\Projekt_1\Debug\link.3200.read.1.tlog
C:\Users\Administrator\Documents\GitHub\SDiZO_Projekt_1\Projekt_1\Debug\link.3200.write.1.tlog
C:\Users\Administrator\Documents\GitHub\SDiZO_Projekt_1\Projekt_1\Debug\link.3812-cvtres.read.1.tlog
C:\Users\Administrator\Documents\GitHub\SDiZO_Projekt_1\Projekt_1\Debug\link.3812-cvtres.write.1.tlog
C:\Users\Administrator\Documents\GitHub\SDiZO_Projekt_1\Projekt_1\Debug\link.3812-rc.read.1.tlog
C:\Users\Administrator\Documents\GitHub\SDiZO_Projekt_1\Projekt_1\Debug\link.3812-rc.write.1.tlog
C:\Users\Administrator\Documents\GitHub\SDiZO_Projekt_1\Projekt_1\Debug\link.3812.read.1.tlog
C:\Users\Administrator\Documents\GitHub\SDiZO_Projekt_1\Projekt_1\Debug\link.3812.write.1.tlog
C:\Users\Administrator\Documents\GitHub\SDiZO_Projekt_1\Projekt_1\Debug\link.4372-cvtres.read.1.tlog
C:\Users\Administrator\Documents\GitHub\SDiZO_Projekt_1\Projekt_1\Debug\link.4372-cvtres.write.1.tlog
C:\Users\Administrator\Documents\GitHub\SDiZO_Projekt_1\Projekt_1\Debug\link.4372-rc.read.1.tlog
C:\Users\Administrator\Documents\GitHub\SDiZO_Projekt_1\Projekt_1\Debug\link.4372-rc.write.1.tlog
C:\Users\Administrator\Documents\GitHub\SDiZO_Projekt_1\Projekt_1\Debug\link.4372.read.1.tlog
C:\Users\Administrator\Documents\GitHub\SDiZO_Projekt_1\Projekt_1\Debug\link.4372.write.1.tlog
C:\Users\Administrator\Documents\GitHub\SDiZO_Projekt_1\Projekt_1\Debug\link.4420-cvtres.read.1.tlog
C:\Users\Administrator\Documents\GitHub\SDiZO_Projekt_1\Projekt_1\Debug\link.4420-cvtres.write.1.tlog
C:\Users\Administrator\Documents\GitHub\SDiZO_Projekt_1\Projekt_1\Debug\link.4420-rc.read.1.tlog
C:\Users\Administrator\Documents\GitHub\SDiZO_Projekt_1\Projekt_1\Debug\link.4420-rc.write.1.tlog
C:\Users\Administrator\Documents\GitHub\SDiZO_Projekt_1\Projekt_1\Debug\link.4420.read.1.tlog
C:\Users\Administrator\Documents\GitHub\SDiZO_Projekt_1\Projekt_1\Debug\link.4420.write.1.tlog
C:\Users\Administrator\Documents\GitHub\SDiZO_Projekt_1\Projekt_1\Debug\link.4504-cvtres.read.1.tlog
C:\Users\Administrator\Documents\GitHub\SDiZO_Projekt_1\Projekt_1\Debug\link.4504-cvtres.write.1.tlog
C:\Users\Administrator\Documents\GitHub\SDiZO_Projekt_1\Projekt_1\Debug\link.4504-rc.read.1.tlog
C:\Users\Administrator\Documents\GitHub\SDiZO_Projekt_1\Projekt_1\Debug\link.4504-rc.write.1.tlog
C:\Users\Administrator\Documents\GitHub\SDiZO_Projekt_1\Projekt_1\Debug\link.4504.read.1.tlog
C:\Users\Administrator\Documents\GitHub\SDiZO_Projekt_1\Projekt_1\Debug\link.4504.write.1.tlog
C:\Users\Administrator\Documents\GitHub\SDiZO_Projekt_1\Projekt_1\Debug\link.452-cvtres.read.1.tlog
C:\Users\Administrator\Documents\GitHub\SDiZO_Projekt_1\Projekt_1\Debug\link.452-cvtres.write.1.tlog
C:\Users\Administrator\Documents\GitHub\SDiZO_Projekt_1\Projekt_1\Debug\link.452-rc.read.1.tlog
C:\Users\Administrator\Documents\GitHub\SDiZO_Projekt_1\Projekt_1\Debug\link.452-rc.write.1.tlog
C:\Users\Administrator\Documents\GitHub\SDiZO_Projekt_1\Projekt_1\Debug\link.452.read.1.tlog
C:\Users\Administrator\Documents\GitHub\SDiZO_Projekt_1\Projekt_1\Debug\link.452.write.1.tlog
C:\Users\Administrator\Documents\GitHub\SDiZO_Projekt_1\Projekt_1\Debug\link.4532-cvtres.read.1.tlog
C:\Users\Administrator\Documents\GitHub\SDiZO_Projekt_1\Projekt_1\Debug\link.4532-cvtres.write.1.tlog
C:\Users\Administrator\Documents\GitHub\SDiZO_Projekt_1\Projekt_1\Debug\link.4532-rc.read.1.tlog
C:\Users\Administrator\Documents\GitHub\SDiZO_Projekt_1\Projekt_1\Debug\link.4532-rc.write.1.tlog
C:\Users\Administrator\Documents\GitHub\SDiZO_Projekt_1\Projekt_1\Debug\link.4532.read.1.tlog
C:\Users\Administrator\Documents\GitHub\SDiZO_Projekt_1\Projekt_1\Debug\link.4532.write.1.tlog
C:\Users\Administrator\Documents\GitHub\SDiZO_Projekt_1\Projekt_1\Debug\link.5108-cvtres.read.1.tlog
C:\Users\Administrator\Documents\GitHub\SDiZO_Projekt_1\Projekt_1\Debug\link.5108-cvtres.write.1.tlog
C:\Users\Administrator\Documents\GitHub\SDiZO_Projekt_1\Projekt_1\Debug\link.5108-rc.read.1.tlog
C:\Users\Administrator\Documents\GitHub\SDiZO_Projekt_1\Projekt_1\Debug\link.5108-rc.write.1.tlog
C:\Users\Administrator\Documents\GitHub\SDiZO_Projekt_1\Projekt_1\Debug\link.5108.read.1.tlog
C:\Users\Administrator\Documents\GitHub\SDiZO_Projekt_1\Projekt_1\Debug\link.5108.write.1.tlog
C:\Users\Administrator\Documents\GitHub\SDiZO_Projekt_1\Projekt_1\Debug\link.5304-cvtres.read.1.tlog
C:\Users\Administrator\Documents\GitHub\SDiZO_Projekt_1\Projekt_1\Debug\link.5304-cvtres.write.1.tlog
C:\Users\Administrator\Documents\GitHub\SDiZO_Projekt_1\Projekt_1\Debug\link.5304-rc.read.1.tlog
C:\Users\Administrator\Documents\GitHub\SDiZO_Projekt_1\Projekt_1\Debug\link.5304-rc.write.1.tlog
C:\Users\Administrator\Documents\GitHub\SDiZO_Projekt_1\Projekt_1\Debug\link.5304.read.1.tlog
C:\Users\Administrator\Documents\GitHub\SDiZO_Projekt_1\Projekt_1\Debug\link.5304.write.1.tlog
C:\Users\Administrator\Documents\GitHub\SDiZO_Projekt_1\Projekt_1\Debug\link.5344-cvtres.read.1.tlog
C:\Users\Administrator\Documents\GitHub\SDiZO_Projekt_1\Projekt_1\Debug\link.5344-cvtres.write.1.tlog
C:\Users\Administrator\Documents\GitHub\SDiZO_Projekt_1\Projekt_1\Debug\link.5344-rc.read.1.tlog
C:\Users\Administrator\Documents\GitHub\SDiZO_Projekt_1\Projekt_1\Debug\link.5344-rc.write.1.tlog
C:\Users\Administrator\Documents\GitHub\SDiZO_Projekt_1\Projekt_1\Debug\link.5344.read.1.tlog
C:\Users\Administrator\Documents\GitHub\SDiZO_Projekt_1\Projekt_1\Debug\link.5344.write.1.tlog
C:\Users\Administrator\Documents\GitHub\SDiZO_Projekt_1\Projekt_1\Debug\link.5600-cvtres.read.1.tlog
C:\Users\Administrator\Documents\GitHub\SDiZO_Projekt_1\Projekt_1\Debug\link.5600-cvtres.write.1.tlog
C:\Users\Administrator\Documents\GitHub\SDiZO_Projekt_1\Projekt_1\Debug\link.5600-rc.read.1.tlog
C:\Users\Administrator\Documents\GitHub\SDiZO_Projekt_1\Projekt_1\Debug\link.5600-rc.write.1.tlog
C:\Users\Administrator\Documents\GitHub\SDiZO_Projekt_1\Projekt_1\Debug\link.5600.read.1.tlog
C:\Users\Administrator\Documents\GitHub\SDiZO_Projekt_1\Projekt_1\Debug\link.5600.write.1.tlog
C:\Users\Administrator\Documents\GitHub\SDiZO_Projekt_1\Projekt_1\Debug\link.6028-cvtres.read.1.tlog
C:\Users\Administrator\Documents\GitHub\SDiZO_Projekt_1\Projekt_1\Debug\link.6028-cvtres.write.1.tlog
C:\Users\Administrator\Documents\GitHub\SDiZO_Projekt_1\Projekt_1\Debug\link.6028-rc.read.1.tlog
C:\Users\Administrator\Documents\GitHub\SDiZO_Projekt_1\Projekt_1\Debug\link.6028-rc.write.1.tlog
C:\Users\Administrator\Documents\GitHub\SDiZO_Projekt_1\Projekt_1\Debug\link.6028.read.1.tlog
C:\Users\Administrator\Documents\GitHub\SDiZO_Projekt_1\Projekt_1\Debug\link.6028.write.1.tlog
C:\Users\Administrator\Documents\GitHub\SDiZO_Projekt_1\Projekt_1\Debug\link.command.1.tlog
C:\Users\Administrator\Documents\GitHub\SDiZO_Projekt_1\Projekt_1\Debug\link.read.1.tlog
C:\Users\Administrator\Documents\GitHub\SDiZO_Projekt_1\Projekt_1\Debug\link.write.1.tlog
C:\Users\Administrator\Documents\GitHub\SDiZO_Projekt_1\Projekt_1\Debug\vc110.idb
C:\Users\Administrator\Documents\GitHub\SDiZO_Projekt_1\Projekt_1\Debug\vc110.pdb
C:\Users\Administrator\Documents\GitHub\SDiZO_Projekt_1\Debug\Projekt_1.pdb
C:\Users\Administrator\Documents\GitHub\SDiZO_Projekt_1\Debug\Projekt_1.exe
C:\Users\Administrator\Documents\GitHub\SDiZO_Projekt_1\Debug\Projekt_1.ilk
